[debug] [2023-12-27T10:55:33.480Z] ----------------------------------------------------------------------
[debug] [2023-12-27T10:55:33.483Z] Command:       C:\Program Files\nodejs\node.exe C:\Users\HP\AppData\Roaming\npm\node_modules\firebase-tools\lib\bin\firebase.js init
[debug] [2023-12-27T10:55:33.484Z] CLI Version:   13.0.2
[debug] [2023-12-27T10:55:33.485Z] Platform:      win32
[debug] [2023-12-27T10:55:33.485Z] Node Version:  v18.17.1
[debug] [2023-12-27T10:55:33.487Z] Time:          Wed Dec 27 2023 12:55:33 GMT+0200 (Eastern European Standard Time)
[debug] [2023-12-27T10:55:33.487Z] ----------------------------------------------------------------------
[debug] 
[debug] [2023-12-27T10:55:33.497Z] > command requires scopes: ["email","openid","https://www.googleapis.com/auth/cloudplatformprojects.readonly","https://www.googleapis.com/auth/firebase","https://www.googleapis.com/auth/cloud-platform"]
[debug] [2023-12-27T10:55:33.497Z] > authorizing via signed-in user (sheryahmad322@gmail.com)
[info] 
     ######## #### ########  ######## ########     ###     ######  ########
     ##        ##  ##     ## ##       ##     ##  ##   ##  ##       ##
     ######    ##  ########  ######   ########  #########  ######  ######
     ##        ##  ##    ##  ##       ##     ## ##     ##       ## ##
     ##       #### ##     ## ######## ########  ##     ##  ######  ########

You're about to initialize a Firebase project in this directory:

  C:\Users\HP\Desktop\smart-services-backend

[info] 
=== Project Setup
[info] 
[info] First, let's associate this project directory with a Firebase project.
[info] You can create multiple project aliases by running firebase use --add, 
[info] but for now we'll just set up a default project.
[info] 
[debug] [2023-12-27T10:57:43.833Z] >>> [apiv2][query] GET https://firebase.googleapis.com/v1beta1/projects pageSize=100
[debug] [2023-12-27T10:57:44.550Z] <<< [apiv2][status] GET https://firebase.googleapis.com/v1beta1/projects 200
[debug] [2023-12-27T10:57:44.551Z] <<< [apiv2][body] GET https://firebase.googleapis.com/v1beta1/projects [omitted]
[info] i  Using project smart-services-ac93e (smart services) 
[info] 
=== Hosting Setup
[debug] [2023-12-27T10:57:52.164Z] >>> [apiv2][query] GET https://firebase.googleapis.com/v1beta1/projects/smart-services-ac93e [none]
[debug] [2023-12-27T10:57:52.547Z] <<< [apiv2][status] GET https://firebase.googleapis.com/v1beta1/projects/smart-services-ac93e 200
[debug] [2023-12-27T10:57:52.549Z] <<< [apiv2][body] GET https://firebase.googleapis.com/v1beta1/projects/smart-services-ac93e {"projectId":"smart-services-ac93e","projectNumber":"825950883646","displayName":"smart services","name":"projects/smart-services-ac93e","resources":{"hostingSite":"smart-services-ac93e"},"state":"ACTIVE","etag":"1_0c5ec118-5590-458a-b3a1-6c45c063650a"}
[info] 
[info] Your public directory is the folder (relative to your project directory) that
[info] will contain Hosting assets to be uploaded with firebase deploy. If you
[info] have a build process for your assets, use your build's output directory.
[info] 
[debug] [2023-12-27T10:59:54.643Z] >>> [apiv2][query] GET https://www.gstatic.com/firebasejs/releases.json [none]
[debug] [2023-12-27T10:59:54.882Z] <<< [apiv2][status] GET https://www.gstatic.com/firebasejs/releases.json 200
[debug] [2023-12-27T10:59:54.883Z] <<< [apiv2][body] GET https://www.gstatic.com/firebasejs/releases.json {"current":{"version":"10.7.1","browserURL":"https://www.gstatic.com/firebasejs/10.7.1/firebase.js","packageURL":"https://www.gstatic.com/firebasejs/10.7.1/firebase.tgz"},"live":{"version":"10.7","browserURL":"https://www.gstatic.com/firebasejs/live/10.7/firebase.js","packageURL":"https://www.gstatic.com/firebasejs/live/10.7/firebase.tgz"},"components":{"analytics":"https://www.gstatic.com/firebasejs/10.7.1/firebase-analytics.js","app":"https://www.gstatic.com/firebasejs/10.7.1/firebase-app.js","app-check":"https://www.gstatic.com/firebasejs/10.7.1/firebase-app-check.js","auth":"https://www.gstatic.com/firebasejs/10.7.1/firebase-auth.js","auth/cordova":"https://www.gstatic.com/firebasejs/10.7.1/firebase-auth/cordova.js","functions":"https://www.gstatic.com/firebasejs/10.7.1/firebase-functions.js","firestore":"https://www.gstatic.com/firebasejs/10.7.1/firebase-firestore.js","firestore/lite":"https://www.gstatic.com/firebasejs/10.7.1/firebase-firestore/lite.js","installations":"https://www.gstatic.com/firebasejs/10.7.1/firebase-installations.js","storage":"https://www.gstatic.com/firebasejs/10.7.1/firebase-storage.js","performance":"https://www.gstatic.com/firebasejs/10.7.1/firebase-performance.js","remote-config":"https://www.gstatic.com/firebasejs/10.7.1/firebase-remote-config.js","messaging":"https://www.gstatic.com/firebasejs/10.7.1/firebase-messaging.js","messaging/sw":"https://www.gstatic.com/firebasejs/10.7.1/firebase-messaging/sw.js","database":"https://www.gstatic.com/firebasejs/10.7.1/firebase-database.js","firestore.memory":"https://www.gstatic.com/firebasejs/10.7.1/firebase-firestore.memory.js"}}
[info] +  Wrote public/index.html 
[info] 
[info] i  Didn't detect a .git folder. Assuming C:\Users\HP\Desktop\smart-services-backend is the project root. 
[info] i  Authorizing with GitHub to upload your service account to a GitHub repository's secrets store. 
[info] 
[info] Visit this URL on this device to log in:
[info] https://github.com/login/oauth/authorize?client_id=89cf50f02ac6aaed3484&state=371214188&redirect_uri=http%3A%2F%2Flocalhost%3A9005&scope=read%3Auser%20repo%20public_repo
[info] 
[info] Waiting for authentication...
[debug] [2023-12-27T11:00:12.086Z] >>> [apiv2][query] POST https://github.com/login/oauth/access_token [none]
[debug] [2023-12-27T11:00:12.087Z] >>> [apiv2][body] POST https://github.com/login/oauth/access_token [stream]
[debug] [2023-12-27T11:00:12.524Z] <<< [apiv2][status] POST https://github.com/login/oauth/access_token 200
[debug] [2023-12-27T11:00:12.525Z] <<< [apiv2][body] POST https://github.com/login/oauth/access_token {"access_token":"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","token_type":"bearer","scope":"read:user,repo"}
[debug] [2023-12-27T11:00:12.634Z] >>> [apiv2][query] GET https://api.github.com/user [none]
[debug] [2023-12-27T11:00:13.095Z] <<< [apiv2][status] GET https://api.github.com/user 200
[debug] [2023-12-27T11:00:13.097Z] <<< [apiv2][body] GET https://api.github.com/user {"login":"Shirineahmad","id":86533276,"node_id":"MDQ6VXNlcjg2NTMzMjc2","avatar_url":"https://avatars.githubusercontent.com/u/86533276?v=4","gravatar_id":"","url":"https://api.github.com/users/Shirineahmad","html_url":"https://github.com/Shirineahmad","followers_url":"https://api.github.com/users/Shirineahmad/followers","following_url":"https://api.github.com/users/Shirineahmad/following{/other_user}","gists_url":"https://api.github.com/users/Shirineahmad/gists{/gist_id}","starred_url":"https://api.github.com/users/Shirineahmad/starred{/owner}{/repo}","subscriptions_url":"https://api.github.com/users/Shirineahmad/subscriptions","organizations_url":"https://api.github.com/users/Shirineahmad/orgs","repos_url":"https://api.github.com/users/Shirineahmad/repos","events_url":"https://api.github.com/users/Shirineahmad/events{/privacy}","received_events_url":"https://api.github.com/users/Shirineahmad/received_events","type":"User","site_admin":false,"name":"Shirin Ahmad","company":null,"blog":"","location":null,"email":null,"hireable":null,"bio":"Full Stack Web Developer","twitter_username":null,"public_repos":23,"public_gists":0,"followers":3,"following":14,"created_at":"2021-06-26T18:51:00Z","updated_at":"2023-12-27T11:00:07Z","private_gists":0,"total_private_repos":0,"owned_private_repos":0,"disk_usage":34911,"collaborators":0,"two_factor_authentication":false,"plan":{"name":"free","space":976562499,"collaborators":0,"private_repos":10000}}
[info] 
[info] +  Success! Logged into GitHub as Shirineahmad 
[info] 
[debug] [2023-12-27T11:00:45.957Z] >>> [apiv2][query] GET https://api.github.com/repos//actions/secrets/public-key type=owner
[debug] [2023-12-27T11:00:46.336Z] <<< [apiv2][status] GET https://api.github.com/repos//actions/secrets/public-key 404
[debug] [2023-12-27T11:00:46.337Z] <<< [apiv2][body] GET https://api.github.com/repos//actions/secrets/public-key {"message":"Not Found","documentation_url":"https://docs.github.com/rest"}
[info] 
[info] 
[error] !  The provided authorization cannot be used with this repository. If this repository is in an organization, did you remember to grant access? 
[info] 
[info] i  Action required: Visit this URL to ensure access has been granted to the appropriate organization(s) for the Firebase CLI GitHub OAuth App: 
[info] https://github.com/settings/connections/applications/89cf50f02ac6aaed3484
[info] 
[debug] [2023-12-27T11:01:08.433Z] >>> [apiv2][query] GET https://api.github.com/repos/smart-services-backend/actions/secrets/public-key type=owner
[debug] [2023-12-27T11:01:08.924Z] <<< [apiv2][status] GET https://api.github.com/repos/smart-services-backend/actions/secrets/public-key 404
[debug] [2023-12-27T11:01:08.930Z] <<< [apiv2][body] GET https://api.github.com/repos/smart-services-backend/actions/secrets/public-key {"message":"Not Found","documentation_url":"https://docs.github.com/rest"}
[info] 
[info] 
[error] !  The provided authorization cannot be used with this repository. If this repository is in an organization, did you remember to grant access? 
[info] 
[info] i  Action required: Visit this URL to ensure access has been granted to the appropriate organization(s) for the Firebase CLI GitHub OAuth App: 
[info] https://github.com/settings/connections/applications/89cf50f02ac6aaed3484
[info] 
[debug] [2023-12-27T11:03:45.909Z] >>> [apiv2][query] GET https://api.github.com/repos//actions/secrets/public-key type=owner
[debug] [2023-12-27T11:03:46.343Z] <<< [apiv2][status] GET https://api.github.com/repos//actions/secrets/public-key 404
[debug] [2023-12-27T11:03:46.344Z] <<< [apiv2][body] GET https://api.github.com/repos//actions/secrets/public-key {"message":"Not Found","documentation_url":"https://docs.github.com/rest"}
[info] 
[info] 
[error] !  The provided authorization cannot be used with this repository. If this repository is in an organization, did you remember to grant access? 
[info] 
[info] i  Action required: Visit this URL to ensure access has been granted to the appropriate organization(s) for the Firebase CLI GitHub OAuth App: 
[info] https://github.com/settings/connections/applications/89cf50f02ac6aaed3484
[info] 
[debug] [2023-12-27T11:03:47.348Z] >>> [apiv2][query] GET https://api.github.com/repos//actions/secrets/public-key type=owner
[debug] [2023-12-27T11:03:47.753Z] <<< [apiv2][status] GET https://api.github.com/repos//actions/secrets/public-key 404
[debug] [2023-12-27T11:03:47.754Z] <<< [apiv2][body] GET https://api.github.com/repos//actions/secrets/public-key {"message":"Not Found","documentation_url":"https://docs.github.com/rest"}
[info] 
[info] 
[error] !  The provided authorization cannot be used with this repository. If this repository is in an organization, did you remember to grant access? 
[info] 
[info] i  Action required: Visit this URL to ensure access has been granted to the appropriate organization(s) for the Firebase CLI GitHub OAuth App: 
[info] https://github.com/settings/connections/applications/89cf50f02ac6aaed3484
[info] 
[debug] [2023-12-27T11:05:17.150Z] >>> [apiv2][query] GET https://api.github.com/repos/(ShirineAhmad/smart-services-backend)/actions/secrets/public-key type=owner
[debug] [2023-12-27T11:05:17.637Z] <<< [apiv2][status] GET https://api.github.com/repos/(ShirineAhmad/smart-services-backend)/actions/secrets/public-key 404
[debug] [2023-12-27T11:05:17.638Z] <<< [apiv2][body] GET https://api.github.com/repos/(ShirineAhmad/smart-services-backend)/actions/secrets/public-key {"message":"Not Found","documentation_url":"https://docs.github.com/rest/actions/secrets#get-a-repository-public-key"}
[info] 
[info] 
[error] !  The provided authorization cannot be used with this repository. If this repository is in an organization, did you remember to grant access? 
[info] 
[info] i  Action required: Visit this URL to ensure access has been granted to the appropriate organization(s) for the Firebase CLI GitHub OAuth App: 
[info] https://github.com/settings/connections/applications/89cf50f02ac6aaed3484
[info] 
